<?xml version="1.0" encoding="UTF-8"?>
<!-- Generated by org.testng.reporters.JUnitXMLReporter -->
<testsuite hostname="MAVLT1435" ignored="0" name="TestLocators" tests="4" failures="0" timestamp="2021-12-04T12:02:49 IST" time="83.307" errors="0">
  <testcase name="VerifyLocatorID" time="13.765" classname="com.tests.locators.TestLocatorID"/>
  <testcase name="VerifyCssSelector" time="23.543" classname="com.tests.locators.TestLocatorCssSelector"/>
  <testcase name="VerifyLocatorName" time="23.503" classname="com.tests.locators.TestLocatorName"/>
  <testcase name="VerifyLocatorXpath" time="22.42" classname="com.tests.locators.TestLocatorXpath"/>
</testsuite> <!-- TestLocators -->
