<?xml version="1.0" encoding="UTF-8"?>
<testng-results skipped="0" failed="0" ignored="0" total="5" passed="5">
  <reporter-output>
  </reporter-output>
  <suite name="LocatorsTestSuite" duration-ms="82141" started-at="2021-12-04T15:57:28 IST" finished-at="2021-12-04T15:58:51 IST">
    <groups>
    </groups>
    <test name="TestLocators" duration-ms="82141" started-at="2021-12-04T15:57:28 IST" finished-at="2021-12-04T15:58:51 IST">
      <class name="com.tests.locators.TestLocatorXpath">
        <test-method status="PASS" signature="VerifyLocatorXpath()[pri:0, instance:com.tests.locators.TestLocatorXpath@78b612c6]" name="VerifyLocatorXpath" duration-ms="22684" started-at="2021-12-04T15:58:28 IST" finished-at="2021-12-04T15:58:51 IST">
          <reporter-output>
          </reporter-output>
        </test-method> <!-- VerifyLocatorXpath -->
      </class> <!-- com.tests.locators.TestLocatorXpath -->
      <class name="com.tests.locators.TestLocatorID">
        <test-method status="PASS" signature="setUp()[pri:0, instance:com.tests.locators.TestLocatorID@48976e6d]" name="setUp" is-config="true" duration-ms="10126" started-at="2021-12-04T15:57:18 IST" finished-at="2021-12-04T15:57:28 IST">
          <reporter-output>
          </reporter-output>
        </test-method> <!-- setUp -->
        <test-method status="PASS" signature="VerifyLocatorID()[pri:0, instance:com.tests.locators.TestLocatorID@48976e6d]" name="VerifyLocatorID" duration-ms="14198" started-at="2021-12-04T15:57:28 IST" finished-at="2021-12-04T15:57:43 IST">
          <reporter-output>
          </reporter-output>
        </test-method> <!-- VerifyLocatorID -->
        <test-method status="PASS" signature="tearDown()[pri:0, instance:com.tests.locators.TestLocatorID@48976e6d]" name="tearDown" is-config="true" duration-ms="1490" started-at="2021-12-04T15:58:51 IST" finished-at="2021-12-04T15:58:52 IST">
          <reporter-output>
          </reporter-output>
        </test-method> <!-- tearDown -->
      </class> <!-- com.tests.locators.TestLocatorID -->
      <class name="com.tests.locators.TestLocatorCssSelector">
        <test-method status="PASS" signature="VerifyCssSelector()[pri:0, instance:com.tests.locators.TestLocatorCssSelector@38e7ed69]" name="VerifyCssSelector" duration-ms="22703" started-at="2021-12-04T15:57:43 IST" finished-at="2021-12-04T15:58:05 IST">
          <reporter-output>
          </reporter-output>
        </test-method> <!-- VerifyCssSelector -->
      </class> <!-- com.tests.locators.TestLocatorCssSelector -->
      <class name="com.tests.locators.TestLocatorName">
        <test-method status="PASS" signature="VerifyLocatorName()[pri:0, instance:com.tests.locators.TestLocatorName@806996]" name="VerifyLocatorName" duration-ms="22497" started-at="2021-12-04T15:58:05 IST" finished-at="2021-12-04T15:58:28 IST">
          <reporter-output>
          </reporter-output>
        </test-method> <!-- VerifyLocatorName -->
      </class> <!-- com.tests.locators.TestLocatorName -->
    </test> <!-- TestLocators -->
  </suite> <!-- LocatorsTestSuite -->
  <suite name="PageObjectModelTestSuite" duration-ms="16220" started-at="2021-12-04T15:58:52 IST" finished-at="2021-12-04T15:59:08 IST">
    <groups>
    </groups>
    <test name="TestPageObjectModel" duration-ms="16220" started-at="2021-12-04T15:58:52 IST" finished-at="2021-12-04T15:59:08 IST">
      <class name="com.tests.pageObjectModel.TestOrangeHRMLogin">
        <test-method status="PASS" signature="VerifyValidLogin()[pri:0, instance:com.tests.pageObjectModel.TestOrangeHRMLogin@2d64c100]" name="VerifyValidLogin" duration-ms="16218" started-at="2021-12-04T15:58:52 IST" finished-at="2021-12-04T15:59:08 IST">
          <reporter-output>
          </reporter-output>
        </test-method> <!-- VerifyValidLogin -->
      </class> <!-- com.tests.pageObjectModel.TestOrangeHRMLogin -->
    </test> <!-- TestPageObjectModel -->
  </suite> <!-- PageObjectModelTestSuite -->
</testng-results>
