<?xml version="1.0" encoding="UTF-8"?>
<testsuite name="TestSuite" time="98.303" tests="5" errors="0" skipped="0" failures="0">
  <properties>
[...]
</properties>
  <testcase name="VerifyLocatorID" classname="com.tests.locators.TestLocatorID" time="14.198"/>
  <testcase name="VerifyCssSelector" classname="com.tests.locators.TestLocatorCssSelector" time="22.704"/>
  <testcase name="VerifyLocatorName" classname="com.tests.locators.TestLocatorName" time="22.499"/>
  <testcase name="VerifyLocatorXpath" classname="com.tests.locators.TestLocatorXpath" time="22.683"/>
  <testcase name="VerifyValidLogin" classname="com.tests.pageObjectModel.TestOrangeHRMLogin" time="16.219"/>
</testsuite>