<?xml version="1.0" encoding="UTF-8"?>
<testng-results skipped="0" failed="0" ignored="0" total="1" passed="1">
  <reporter-output>
  </reporter-output>
  <suite name="PageObjectModelTestSuite" duration-ms="18529" started-at="2021-12-04T15:16:53 IST" finished-at="2021-12-04T15:17:11 IST">
    <groups>
    </groups>
    <test name="TestPageObjectModel" duration-ms="18529" started-at="2021-12-04T15:16:53 IST" finished-at="2021-12-04T15:17:11 IST">
      <class name="com.tests.pageObjectModel.TestOrangeHRMLogin">
        <test-method status="PASS" signature="VerifyValidLogin()[pri:0, instance:com.tests.pageObjectModel.TestOrangeHRMLogin@3aeaafa6]" name="VerifyValidLogin" duration-ms="18471" started-at="2021-12-04T15:16:53 IST" finished-at="2021-12-04T15:17:11 IST">
          <reporter-output>
          </reporter-output>
        </test-method> <!-- VerifyValidLogin -->
      </class> <!-- com.tests.pageObjectModel.TestOrangeHRMLogin -->
    </test> <!-- TestPageObjectModel -->
  </suite> <!-- PageObjectModelTestSuite -->
</testng-results>
