<?xml version="1.0" encoding="UTF-8"?>
<!-- Generated by org.testng.reporters.JUnitXMLReporter -->
<testsuite hostname="MAVLT1435" ignored="0" name="TestLocators" tests="4" failures="0" timestamp="2021-12-04T15:58:51 IST" time="82.141" errors="0">
  <testcase name="VerifyLocatorID" time="14.198" classname="com.tests.locators.TestLocatorID"/>
  <testcase name="VerifyCssSelector" time="22.703" classname="com.tests.locators.TestLocatorCssSelector"/>
  <testcase name="VerifyLocatorName" time="22.497" classname="com.tests.locators.TestLocatorName"/>
  <testcase name="VerifyLocatorXpath" time="22.684" classname="com.tests.locators.TestLocatorXpath"/>
</testsuite> <!-- TestLocators -->
